<?xml version="1.0" encoding="UTF-8"?>
<!-- Generated by org.testng.reporters.JUnitReportReporter -->
<testsuite hostname="DESKTOP-7PUP5K7" failures="0" tests="5" name="TestSuite01.aTestLoginLogout" time="24.350" errors="0" timestamp="23 Nov 2018 06:28:09 GMT" skipped="0">
  <testcase classname="TestSuite01.aTestLoginLogout" name="aStartBrowser" time="3.252"/>
  <testcase classname="TestSuite01.aTestLoginLogout" name="bEmailInputField" time="8.070"/>
  <testcase classname="TestSuite01.aTestLoginLogout" name="cPasswordInputField" time="0.580"/>
  <testcase classname="TestSuite01.aTestLoginLogout" name="dLoginButton" time="6.175"/>
  <testcase classname="TestSuite01.aTestLoginLogout" name="eLogout" time="6.273"/>
</testsuite> <!-- TestSuite01.aTestLoginLogout -->
