<?xml version="1.0" encoding="UTF-8"?>
<!-- Generated by org.testng.reporters.JUnitReportReporter -->
<testsuite hostname="DESKTOP-7PUP5K7" failures="0" tests="3" name="TestSuites.cAddNewPatient" time="21.088" errors="0" timestamp="05 Sep 2018 11:58:15 GMT" skipped="0">
  <testcase classname="TestSuites.cAddNewPatient" name="aStartBrowser" time="2.849"/>
  <testcase classname="TestSuites.cAddNewPatient" name="bLogin" time="10.055"/>
  <testcase classname="TestSuites.cAddNewPatient" name="cAddNewPatient" time="8.184"/>
</testsuite> <!-- TestSuites.cAddNewPatient -->
