<?xml version="1.0" encoding="UTF-8"?>
<!-- Generated by org.testng.reporters.JUnitReportReporter -->
<testsuite hostname="DESKTOP-7PUP5K7" failures="0" tests="5" name="TestSuites.aLoginLogout" time="22.068" errors="0" timestamp="05 Sep 2018 11:40:05 GMT" skipped="0">
  <testcase classname="TestSuites.aLoginLogout" name="aStartBrowser" time="2.845"/>
  <testcase classname="TestSuites.aLoginLogout" name="bEmailInputField" time="7.853"/>
  <testcase classname="TestSuites.aLoginLogout" name="cPasswordInputField" time="0.692"/>
  <testcase classname="TestSuites.aLoginLogout" name="dLoginButton" time="3.853"/>
  <testcase classname="TestSuites.aLoginLogout" name="eLogout" time="6.825"/>
</testsuite> <!-- TestSuites.aLoginLogout -->
