<?xml version="1.0" encoding="UTF-8"?>
<!-- Generated by org.testng.reporters.JUnitReportReporter -->
<testsuite hostname="DESKTOP-7PUP5K7" failures="0" tests="5" name="TestSuite01.TestCase01" time="21.285" errors="0" timestamp="19 Sep 2018 05:48:22 GMT" skipped="0">
  <testcase classname="TestSuite01.TestCase01" name="aStartBrowser" time="2.924"/>
  <testcase classname="TestSuite01.TestCase01" name="bEmailInputField" time="7.075"/>
  <testcase classname="TestSuite01.TestCase01" name="cPasswordInputField" time="0.544"/>
  <testcase classname="TestSuite01.TestCase01" name="dLoginButton" time="4.522"/>
  <testcase classname="TestSuite01.TestCase01" name="eLogout" time="6.220"/>
</testsuite> <!-- TestSuite01.TestCase01 -->
