<?xml version="1.0" encoding="UTF-8"?>
<!-- Generated by org.testng.reporters.JUnitReportReporter -->
<testsuite hostname="DESKTOP-7PUP5K7" failures="0" tests="3" name="TestSuite01.TestCase03a" time="31.524" errors="0" timestamp="19 Sep 2018 06:00:29 GMT" skipped="0">
  <testcase classname="TestSuite01.TestCase03a" name="aStartBrowser" time="2.628"/>
  <testcase classname="TestSuite01.TestCase03a" name="bLogin" time="7.118"/>
  <testcase classname="TestSuite01.TestCase03a" name="cAddNewPatient" time="21.778"/>
</testsuite> <!-- TestSuite01.TestCase03a -->
