<?xml version="1.0" encoding="UTF-8"?>
<!-- Generated by org.testng.reporters.JUnitReportReporter -->
<testsuite hostname="DESKTOP-7PUP5K7" failures="0" tests="2" name="TestSuite01.iEditPatientEmailValidation" time="42.028" errors="0" timestamp="23 Nov 2018 08:12:55 GMT" skipped="0">
  <testcase classname="TestSuite01.iEditPatientEmailValidation" name="aTestSummary" time="0.007"/>
  <testcase classname="TestSuite01.iEditPatientEmailValidation" name="bSelectPatient" time="42.021"/>
</testsuite> <!-- TestSuite01.iEditPatientEmailValidation -->
