<?xml version="1.0" encoding="UTF-8"?>
<!-- Generated by org.testng.reporters.JUnitReportReporter -->
<testsuite hostname="DESKTOP-7PUP5K7" failures="0" tests="3" name="TestSuite01.gPatientFormEmailValidation" time="44.488" errors="0" timestamp="26 Nov 2018 04:12:04 GMT" skipped="0">
  <testcase classname="TestSuite01.gPatientFormEmailValidation" name="aStartBrowser" time="4.604"/>
  <testcase classname="TestSuite01.gPatientFormEmailValidation" name="bLogin" time="15.480"/>
  <testcase classname="TestSuite01.gPatientFormEmailValidation" name="cAddNewPatient" time="24.404"/>
</testsuite> <!-- TestSuite01.gPatientFormEmailValidation -->
