<?xml version="1.0" encoding="UTF-8"?>
<!-- Generated by org.testng.reporters.JUnitReportReporter -->
<testsuite hostname="DESKTOP-7PUP5K7" failures="0" tests="3" name="TestSuite01.cFailAddPrescriptionForm_ErrorMessages" time="33.917" errors="0" timestamp="25 Oct 2018 07:22:37 GMT" skipped="0">
  <testcase classname="TestSuite01.cFailAddPrescriptionForm_ErrorMessages" name="aStartBrowser" time="2.764"/>
  <testcase classname="TestSuite01.cFailAddPrescriptionForm_ErrorMessages" name="bLogin" time="8.383"/>
  <testcase classname="TestSuite01.cFailAddPrescriptionForm_ErrorMessages" name="cAddNewPatient" time="22.770"/>
</testsuite> <!-- TestSuite01.cFailAddPrescriptionForm_ErrorMessages -->
