<?xml version="1.0" encoding="UTF-8"?>
<!-- Generated by org.testng.reporters.JUnitReportReporter -->
<testsuite hostname="DESKTOP-7PUP5K7" failures="0" tests="3" name="TestSuite01.TestCase03" time="31.420" errors="0" timestamp="07 Sep 2018 05:11:56 GMT" skipped="0">
  <testcase classname="TestSuite01.TestCase03" name="aStartBrowser" time="2.670"/>
  <testcase classname="TestSuite01.TestCase03" name="bLogin" time="6.896"/>
  <testcase classname="TestSuite01.TestCase03" name="cAddNewPatient" time="21.854"/>
</testsuite> <!-- TestSuite01.TestCase03 -->
