<?xml version="1.0" encoding="UTF-8"?>
<!-- Generated by org.testng.reporters.JUnitReportReporter -->
<testsuite hostname="DESKTOP-7PUP5K7" failures="0" tests="4" name="TestSuite01.bChangePasswordLink" time="20.338" errors="0" timestamp="26 Nov 2018 05:10:06 GMT" skipped="0">
  <testcase classname="TestSuite01.bChangePasswordLink" name="aStartBrowser" time="2.809"/>
  <testcase classname="TestSuite01.bChangePasswordLink" name="bLogin" time="14.167"/>
  <testcase classname="TestSuite01.bChangePasswordLink" name="cMyProfilePage" time="1.158"/>
  <testcase classname="TestSuite01.bChangePasswordLink" name="dChangePassword" time="2.204"/>
</testsuite> <!-- TestSuite01.bChangePasswordLink -->
