<?xml version="1.0" encoding="UTF-8"?>
<!-- Generated by org.testng.reporters.JUnitReportReporter -->
<testsuite hostname="DESKTOP-7PUP5K7" failures="0" tests="4" name="TestSuite01.TestCase02" time="14.759" errors="0" timestamp="19 Sep 2018 05:52:54 GMT" skipped="0">
  <testcase classname="TestSuite01.TestCase02" name="aStartBrowser" time="2.752"/>
  <testcase classname="TestSuite01.TestCase02" name="bLogin" time="8.668"/>
  <testcase classname="TestSuite01.TestCase02" name="cMyProfilePage" time="1.113"/>
  <testcase classname="TestSuite01.TestCase02" name="dChangePassword" time="2.226"/>
</testsuite> <!-- TestSuite01.TestCase02 -->
