<?xml version="1.0" encoding="UTF-8"?>
<!-- Generated by org.testng.reporters.JUnitReportReporter -->
<testsuite hostname="DESKTOP-7PUP5K7" failures="0" tests="3" name="TestSuite01.eSaveAndSearchAndAddPrescription" time="140.246" errors="0" timestamp="23 Nov 2018 08:08:03 GMT" skipped="0">
  <testcase classname="TestSuite01.eSaveAndSearchAndAddPrescription" name="aStartBrowser" time="2.766"/>
  <testcase classname="TestSuite01.eSaveAndSearchAndAddPrescription" name="bLogin" time="16.638"/>
  <testcase classname="TestSuite01.eSaveAndSearchAndAddPrescription" name="cTestCase03c" time="120.842"/>
</testsuite> <!-- TestSuite01.eSaveAndSearchAndAddPrescription -->
