<?xml version="1.0" encoding="UTF-8"?>
<!-- Generated by org.testng.reporters.JUnitReportReporter -->
<testsuite hostname="DESKTOP-7PUP5K7" failures="0" tests="2" name="TestSuite01.sample" time="102.134" errors="0" timestamp="13 Sep 2018 17:07:20 GMT" skipped="0">
  <testcase classname="TestSuite01.sample" name="aTestSummary" time="0.010"/>
  <testcase classname="TestSuite01.sample" name="bSelectPatient" time="102.124"/>
</testsuite> <!-- TestSuite01.sample -->
