<?xml version="1.0" encoding="UTF-8"?>
<!-- Generated by org.testng.reporters.JUnitReportReporter -->
<testsuite hostname="DESKTOP-7PUP5K7" failures="0" tests="5" name="TestSuite01.aTestLoginLogout" time="25.836" errors="0" timestamp="25 Oct 2018 07:16:06 GMT" skipped="0">
  <testcase classname="TestSuite01.aTestLoginLogout" name="aStartBrowser" time="3.082"/>
  <testcase classname="TestSuite01.aTestLoginLogout" name="bEmailInputField" time="6.453"/>
  <testcase classname="TestSuite01.aTestLoginLogout" name="cPasswordInputField" time="0.731"/>
  <testcase classname="TestSuite01.aTestLoginLogout" name="dLoginButton" time="9.152"/>
  <testcase classname="TestSuite01.aTestLoginLogout" name="eLogout" time="6.418"/>
</testsuite> <!-- TestSuite01.aTestLoginLogout -->
