<?xml version="1.0" encoding="UTF-8"?>
<!-- Generated by org.testng.reporters.JUnitReportReporter -->
<testsuite hostname="DESKTOP-7PUP5K7" failures="0" tests="4" name="TestSuite01.bChangePasswordLink" time="15.860" errors="0" timestamp="25 Oct 2018 07:19:11 GMT" skipped="0">
  <testcase classname="TestSuite01.bChangePasswordLink" name="aStartBrowser" time="2.853"/>
  <testcase classname="TestSuite01.bChangePasswordLink" name="bLogin" time="9.418"/>
  <testcase classname="TestSuite01.bChangePasswordLink" name="cMyProfilePage" time="1.211"/>
  <testcase classname="TestSuite01.bChangePasswordLink" name="dChangePassword" time="2.378"/>
</testsuite> <!-- TestSuite01.bChangePasswordLink -->
