<?xml version="1.0" encoding="UTF-8"?>
<!-- Generated by org.testng.reporters.JUnitReportReporter -->
<testsuite hostname="DESKTOP-7PUP5K7" failures="0" tests="3" name="TestSuite01.cFailAddPrescriptionForm_ErrorMessages" time="34.342" errors="0" timestamp="26 Nov 2018 05:08:23 GMT" skipped="0">
  <testcase classname="TestSuite01.cFailAddPrescriptionForm_ErrorMessages" name="aStartBrowser" time="2.880"/>
  <testcase classname="TestSuite01.cFailAddPrescriptionForm_ErrorMessages" name="bLogin" time="8.651"/>
  <testcase classname="TestSuite01.cFailAddPrescriptionForm_ErrorMessages" name="cAddNewPatient" time="22.811"/>
</testsuite> <!-- TestSuite01.cFailAddPrescriptionForm_ErrorMessages -->
