<?xml version="1.0" encoding="UTF-8"?>
<!-- Generated by org.testng.reporters.JUnitReportReporter -->
<testsuite hostname="DESKTOP-7PUP5K7" failures="0" tests="2" name="TestSuite01.fTestHeadAndNeckFilterOptions" time="116.438" errors="0" timestamp="25 Oct 2018 07:36:04 GMT" skipped="0">
  <testcase classname="TestSuite01.fTestHeadAndNeckFilterOptions" name="aTestSummary" time="0.016"/>
  <testcase classname="TestSuite01.fTestHeadAndNeckFilterOptions" name="bSelectPatient" time="116.422"/>
</testsuite> <!-- TestSuite01.fTestHeadAndNeckFilterOptions -->
