<?xml version="1.0" encoding="UTF-8"?>
<!-- Generated by org.testng.reporters.JUnitReportReporter -->
<testsuite hostname="DESKTOP-7PUP5K7" failures="0" tests="3" name="TestSuite01.eSaveAndSearchAndAddPrescription" time="113.777" errors="0" timestamp="25 Oct 2018 07:27:12 GMT" skipped="0">
  <testcase classname="TestSuite01.eSaveAndSearchAndAddPrescription" name="aStartBrowser" time="2.841"/>
  <testcase classname="TestSuite01.eSaveAndSearchAndAddPrescription" name="bLogin" time="7.203"/>
  <testcase classname="TestSuite01.eSaveAndSearchAndAddPrescription" name="cTestCase03c" time="103.733"/>
</testsuite> <!-- TestSuite01.eSaveAndSearchAndAddPrescription -->
