<?xml version="1.0" encoding="UTF-8"?>
<!-- Generated by org.testng.reporters.JUnitReportReporter -->
<testsuite hostname="DESKTOP-7PUP5K7" failures="0" tests="1" name="TestSuite01.verifylinks" time="46.337" errors="0" timestamp="12 Sep 2018 06:55:03 GMT" skipped="0">
  <testcase classname="TestSuite01.verifylinks" name="aLogin" time="46.337"/>
</testsuite> <!-- TestSuite01.verifylinks -->
