<?xml version="1.0" encoding="UTF-8"?>
<!-- Generated by org.testng.reporters.JUnitReportReporter -->
<testsuite hostname="DESKTOP-7PUP5K7" failures="0" tests="4" name="Login.loginTest1" time="18.693" errors="0" timestamp="03 Sep 2018 16:22:50 GMT" skipped="0">
  <testcase classname="Login.loginTest1" name="aStartBrowser" time="3.025"/>
  <testcase classname="Login.loginTest1" name="bEmailInputField" time="11.844"/>
  <testcase classname="Login.loginTest1" name="cPasswordInputField" time="0.561"/>
  <testcase classname="Login.loginTest1" name="dLoginButton" time="3.263"/>
</testsuite> <!-- Login.loginTest1 -->
