<?xml version="1.0" encoding="UTF-8"?>
<!-- Generated by org.testng.reporters.JUnitReportReporter -->
<testsuite hostname="DESKTOP-7PUP5K7" failures="0" tests="3" name="Login.loginTest1" time="12.776" errors="0" timestamp="02 Sep 2018 16:56:00 GMT" skipped="0">
  <testcase classname="Login.loginTest1" name="LoginEmail" time="9.546"/>
  <testcase classname="Login.loginTest1" name="LoginPassword" time="0.533"/>
  <testcase classname="Login.loginTest1" name="startbrowser" time="2.697"/>
</testsuite> <!-- Login.loginTest1 -->
