<?xml version="1.0" encoding="UTF-8"?>
<!-- Generated by org.testng.reporters.JUnitReportReporter -->
<testsuite hostname="DESKTOP-7PUP5K7" failures="0" tests="2" name="TestSuite01.TestCase04a" time="94.226" errors="0" timestamp="19 Sep 2018 06:34:34 GMT" skipped="0">
  <testcase classname="TestSuite01.TestCase04a" name="aTestSummary" time="0.008"/>
  <testcase classname="TestSuite01.TestCase04a" name="bSelectPatient" time="94.218"/>
</testsuite> <!-- TestSuite01.TestCase04a -->
