<?xml version="1.0" encoding="UTF-8"?>
<!-- Generated by org.testng.reporters.JUnitReportReporter -->
<testsuite hostname="DESKTOP-7PUP5K7" failures="0" tests="3" name="TestSuite01.cFailAddPrescriptionForm_ErrorMessages" time="32.168" errors="0" timestamp="05 Oct 2018 16:39:56 GMT" skipped="0">
  <testcase classname="TestSuite01.cFailAddPrescriptionForm_ErrorMessages" name="aStartBrowser" time="2.836"/>
  <testcase classname="TestSuite01.cFailAddPrescriptionForm_ErrorMessages" name="bLogin" time="6.172"/>
  <testcase classname="TestSuite01.cFailAddPrescriptionForm_ErrorMessages" name="cAddNewPatient" time="23.160"/>
</testsuite> <!-- TestSuite01.cFailAddPrescriptionForm_ErrorMessages -->
