<?xml version="1.0" encoding="UTF-8"?>
<!-- Generated by org.testng.reporters.JUnitReportReporter -->
<testsuite hostname="DESKTOP-7PUP5K7" failures="0" tests="5" name="TestSuites.TestCase01" time="23.087" errors="0" timestamp="05 Sep 2018 12:37:41 GMT" skipped="0">
  <testcase classname="TestSuites.TestCase01" name="aStartBrowser" time="2.956"/>
  <testcase classname="TestSuites.TestCase01" name="bEmailInputField" time="9.691"/>
  <testcase classname="TestSuites.TestCase01" name="cPasswordInputField" time="0.713"/>
  <testcase classname="TestSuites.TestCase01" name="dLoginButton" time="2.519"/>
  <testcase classname="TestSuites.TestCase01" name="eLogout" time="7.208"/>
</testsuite> <!-- TestSuites.TestCase01 -->
