<?xml version="1.0" encoding="UTF-8"?>
<!-- Generated by org.testng.reporters.JUnitReportReporter -->
<testsuite hostname="DESKTOP-7PUP5K7" failures="0" tests="3" name="TestSuite01.TestCase03c" time="91.809" errors="0" timestamp="19 Sep 2018 07:17:51 GMT" skipped="0">
  <testcase classname="TestSuite01.TestCase03c" name="aStartBrowser" time="2.845"/>
  <testcase classname="TestSuite01.TestCase03c" name="bLogin" time="5.481"/>
  <testcase classname="TestSuite01.TestCase03c" name="cTestCase03c" time="83.483"/>
</testsuite> <!-- TestSuite01.TestCase03c -->
