<?xml version="1.0" encoding="UTF-8"?>
<!-- Generated by org.testng.reporters.JUnitReportReporter -->
<testsuite hostname="DESKTOP-7PUP5K7" failures="0" tests="3" name="TestSuite01.cFailAddPrescriptionForm_ErrorMessages" time="32.418" errors="0" timestamp="08 Nov 2018 08:21:20 GMT" skipped="0">
  <testcase classname="TestSuite01.cFailAddPrescriptionForm_ErrorMessages" name="aStartBrowser" time="2.709"/>
  <testcase classname="TestSuite01.cFailAddPrescriptionForm_ErrorMessages" name="bLogin" time="7.450"/>
  <testcase classname="TestSuite01.cFailAddPrescriptionForm_ErrorMessages" name="cAddNewPatient" time="22.259"/>
</testsuite> <!-- TestSuite01.cFailAddPrescriptionForm_ErrorMessages -->
