<?xml version="1.0" encoding="UTF-8"?>
<!-- Generated by org.testng.reporters.JUnitReportReporter -->
<testsuite hostname="DESKTOP-7PUP5K7" failures="0" tests="2" name="TestSuite01.fTestHeadAndNeckFilterOptions" time="117.215" errors="0" timestamp="05 Oct 2018 17:09:26 GMT" skipped="0">
  <testcase classname="TestSuite01.fTestHeadAndNeckFilterOptions" name="aTestSummary" time="0.006"/>
  <testcase classname="TestSuite01.fTestHeadAndNeckFilterOptions" name="bSelectPatient" time="117.209"/>
</testsuite> <!-- TestSuite01.fTestHeadAndNeckFilterOptions -->
