<?xml version="1.0" encoding="UTF-8"?>
<!-- Generated by org.testng.reporters.JUnitReportReporter -->
<testsuite hostname="DESKTOP-7PUP5K7" failures="0" tests="4" name="Login.loginTest1" time="12.657" errors="0" timestamp="03 Sep 2018 13:33:23 GMT" skipped="0">
  <testcase classname="Login.loginTest1" name="aStartBrowser" time="2.687"/>
  <testcase classname="Login.loginTest1" name="bEmailInputField" time="6.364"/>
  <testcase classname="Login.loginTest1" name="cPasswordInputField" time="0.585"/>
  <testcase classname="Login.loginTest1" name="dLoginButton" time="3.021"/>
</testsuite> <!-- Login.loginTest1 -->
