<?xml version="1.0" encoding="UTF-8"?>
<!-- Generated by org.testng.reporters.JUnitReportReporter -->
<testsuite hostname="DESKTOP-7PUP5K7" failures="0" tests="3" name="TestSuite01.TestCase03a" time="36.081" errors="0" timestamp="13 Sep 2018 04:33:32 GMT" skipped="0">
  <testcase classname="TestSuite01.TestCase03a" name="aStartBrowser" time="3.584"/>
  <testcase classname="TestSuite01.TestCase03a" name="bLogin" time="12.096"/>
  <testcase classname="TestSuite01.TestCase03a" name="cAddNewPatient" time="20.401"/>
</testsuite> <!-- TestSuite01.TestCase03a -->
