<?xml version="1.0" encoding="UTF-8"?>
<!-- Generated by org.testng.reporters.JUnitReportReporter -->
<testsuite hostname="DESKTOP-7PUP5K7" failures="0" tests="4" name="TestSuites.bChangePassword" time="20.136" errors="0" timestamp="05 Sep 2018 11:41:48 GMT" skipped="0">
  <testcase classname="TestSuites.bChangePassword" name="aStartBrowser" time="2.962"/>
  <testcase classname="TestSuites.bChangePassword" name="bLogin" time="14.562"/>
  <testcase classname="TestSuites.bChangePassword" name="cChangePassword" time="1.487"/>
  <testcase classname="TestSuites.bChangePassword" name="dChangePassword" time="1.125"/>
</testsuite> <!-- TestSuites.bChangePassword -->
