<?xml version="1.0" encoding="UTF-8"?>
<!-- Generated by org.testng.reporters.JUnitReportReporter -->
<testsuite hostname="DESKTOP-7PUP5K7" failures="0" tests="5" name="TestSuite01.TestCase01" time="30.460" errors="0" timestamp="06 Sep 2018 13:26:04 GMT" skipped="0">
  <testcase classname="TestSuite01.TestCase01" name="aStartBrowser" time="4.031"/>
  <testcase classname="TestSuite01.TestCase01" name="bEmailInputField" time="14.461"/>
  <testcase classname="TestSuite01.TestCase01" name="cPasswordInputField" time="1.367"/>
  <testcase classname="TestSuite01.TestCase01" name="dLoginButton" time="3.049"/>
  <testcase classname="TestSuite01.TestCase01" name="eLogout" time="7.552"/>
</testsuite> <!-- TestSuite01.TestCase01 -->
