<?xml version="1.0" encoding="UTF-8"?>
<!-- Generated by org.testng.reporters.JUnitReportReporter -->
<testsuite hostname="DESKTOP-7PUP5K7" failures="0" tests="5" name="TestSuites.aLoginTest1" time="24.728" errors="0" timestamp="04 Sep 2018 07:09:41 GMT" skipped="0">
  <testcase classname="TestSuites.aLoginTest1" name="aStartBrowser" time="3.056"/>
  <testcase classname="TestSuites.aLoginTest1" name="bEmailInputField" time="10.580"/>
  <testcase classname="TestSuites.aLoginTest1" name="cPasswordInputField" time="0.627"/>
  <testcase classname="TestSuites.aLoginTest1" name="dLoginButton" time="3.753"/>
  <testcase classname="TestSuites.aLoginTest1" name="eLogout" time="6.712"/>
</testsuite> <!-- TestSuites.aLoginTest1 -->
