<?xml version="1.0" encoding="UTF-8"?>
<!-- Generated by org.testng.reporters.JUnitReportReporter -->
<testsuite hostname="DESKTOP-7PUP5K7" failures="0" tests="5" name="TestSuite01.aTestLoginLogout" time="22.788" errors="0" timestamp="25 Oct 2018 04:26:15 GMT" skipped="0">
  <testcase classname="TestSuite01.aTestLoginLogout" name="aStartBrowser" time="2.736"/>
  <testcase classname="TestSuite01.aTestLoginLogout" name="bEmailInputField" time="5.406"/>
  <testcase classname="TestSuite01.aTestLoginLogout" name="cPasswordInputField" time="0.605"/>
  <testcase classname="TestSuite01.aTestLoginLogout" name="dLoginButton" time="7.639"/>
  <testcase classname="TestSuite01.aTestLoginLogout" name="eLogout" time="6.402"/>
</testsuite> <!-- TestSuite01.aTestLoginLogout -->
