<?xml version="1.0" encoding="UTF-8"?>
<!-- Generated by org.testng.reporters.JUnitReportReporter -->
<testsuite hostname="DESKTOP-7PUP5K7" failures="0" tests="3" name="TestSuite01.TestCase03b" time="38.517" errors="0" timestamp="07 Sep 2018 13:30:41 GMT" skipped="0">
  <testcase classname="TestSuite01.TestCase03b" name="aStartBrowser" time="3.657"/>
  <testcase classname="TestSuite01.TestCase03b" name="bLogin" time="8.779"/>
  <testcase classname="TestSuite01.TestCase03b" name="cAddNewPatienPass" time="26.081"/>
</testsuite> <!-- TestSuite01.TestCase03b -->
