<?xml version="1.0" encoding="UTF-8"?>
<!-- Generated by org.testng.reporters.JUnitReportReporter -->
<testsuite hostname="DESKTOP-7PUP5K7" failures="0" tests="3" name="TestSuite01.eSaveAndSearchAndAddPrescription" time="114.227" errors="0" timestamp="05 Oct 2018 17:00:28 GMT" skipped="0">
  <testcase classname="TestSuite01.eSaveAndSearchAndAddPrescription" name="aStartBrowser" time="2.726"/>
  <testcase classname="TestSuite01.eSaveAndSearchAndAddPrescription" name="bLogin" time="6.092"/>
  <testcase classname="TestSuite01.eSaveAndSearchAndAddPrescription" name="cTestCase03c" time="105.409"/>
</testsuite> <!-- TestSuite01.eSaveAndSearchAndAddPrescription -->
