<?xml version="1.0" encoding="UTF-8"?>
<!-- Generated by org.testng.reporters.JUnitReportReporter -->
<testsuite hostname="DESKTOP-7PUP5K7" failures="0" tests="2" name="TestSuite01.sample" time="138.440" errors="0" timestamp="13 Sep 2018 07:09:07 GMT" skipped="0">
  <testcase classname="TestSuite01.sample" name="aTestSummary" time="0.009"/>
  <testcase classname="TestSuite01.sample" name="bSelectPatient" time="138.431"/>
</testsuite> <!-- TestSuite01.sample -->
