<?xml version="1.0" encoding="UTF-8"?>
<!-- Generated by org.testng.reporters.JUnitReportReporter -->
<testsuite hostname="DESKTOP-7PUP5K7" failures="0" tests="4" name="TestSuites.TestCase02" time="16.832" errors="0" timestamp="05 Sep 2018 12:37:41 GMT" skipped="0">
  <testcase classname="TestSuites.TestCase02" name="aStartBrowser" time="2.089"/>
  <testcase classname="TestSuites.TestCase02" name="bLogin" time="11.555"/>
  <testcase classname="TestSuites.TestCase02" name="cMyProfilePage" time="0.999"/>
  <testcase classname="TestSuites.TestCase02" name="dChangePassword" time="2.189"/>
</testsuite> <!-- TestSuites.TestCase02 -->
