<?xml version="1.0" encoding="UTF-8"?>
<!-- Generated by org.testng.reporters.JUnitReportReporter -->
<testsuite hostname="DESKTOP-7PUP5K7" failures="0" tests="4" name="TestSuite01.bChangePasswordLink" time="16.793" errors="0" timestamp="05 Oct 2018 16:38:17 GMT" skipped="0">
  <testcase classname="TestSuite01.bChangePasswordLink" name="aStartBrowser" time="2.816"/>
  <testcase classname="TestSuite01.bChangePasswordLink" name="bLogin" time="10.161"/>
  <testcase classname="TestSuite01.bChangePasswordLink" name="cMyProfilePage" time="1.277"/>
  <testcase classname="TestSuite01.bChangePasswordLink" name="dChangePassword" time="2.539"/>
</testsuite> <!-- TestSuite01.bChangePasswordLink -->
