<?xml version="1.0" encoding="UTF-8"?>
<!-- Generated by org.testng.reporters.JUnitReportReporter -->
<testsuite hostname="DESKTOP-7PUP5K7" failures="0" tests="3" name="TestSuites.TestCase03" time="18.574" errors="0" timestamp="05 Sep 2018 12:37:41 GMT" skipped="0">
  <testcase classname="TestSuites.TestCase03" name="aStartBrowser" time="2.060"/>
  <testcase classname="TestSuites.TestCase03" name="bLogin" time="9.205"/>
  <testcase classname="TestSuites.TestCase03" name="cAddNewPatient" time="7.309"/>
</testsuite> <!-- TestSuites.TestCase03 -->
