<?xml version="1.0" encoding="UTF-8"?>
<!-- Generated by org.testng.reporters.JUnitReportReporter -->
<testsuite hostname="DESKTOP-7PUP5K7" failures="0" tests="3" name="TestSuite01.TestCase03a" time="29.135" errors="0" timestamp="07 Sep 2018 07:55:01 GMT" skipped="0">
  <testcase classname="TestSuite01.TestCase03a" name="aStartBrowser" time="2.925"/>
  <testcase classname="TestSuite01.TestCase03a" name="bLogin" time="10.234"/>
  <testcase classname="TestSuite01.TestCase03a" name="cAddNewPatient" time="15.976"/>
</testsuite> <!-- TestSuite01.TestCase03a -->
