<?xml version="1.0" encoding="UTF-8"?>
<!-- Generated by org.testng.reporters.JUnitReportReporter -->
<testsuite hostname="DESKTOP-7PUP5K7" failures="0" tests="4" name="TestSuite01.TestCase02" time="27.300" errors="0" timestamp="06 Sep 2018 13:26:04 GMT" skipped="0">
  <testcase classname="TestSuite01.TestCase02" name="aStartBrowser" time="2.448"/>
  <testcase classname="TestSuite01.TestCase02" name="bLogin" time="20.055"/>
  <testcase classname="TestSuite01.TestCase02" name="cMyProfilePage" time="1.748"/>
  <testcase classname="TestSuite01.TestCase02" name="dChangePassword" time="3.049"/>
</testsuite> <!-- TestSuite01.TestCase02 -->
